Get:1 http://security.ubuntu.com/ubuntu jammy-security InRelease [129 kB]
Hit:2 http://archive.ubuntu.com/ubuntu jammy InRelease
Get:3 http://archive.ubuntu.com/ubuntu jammy-updates InRelease [128 kB]
Get:4 http://security.ubuntu.com/ubuntu jammy-security/main amd64 Packages [3010 kB]
Get:5 http://archive.ubuntu.com/ubuntu jammy-backports InRelease [127 kB]
Get:6 https://ppa.launchpadcontent.net/longsleep/golang-backports/ubuntu jammy InRelease [18.3 kB]
Get:7 http://archive.ubuntu.com/ubuntu jammy-updates/main amd64 Packages [3281 kB]
Get:8 https://ppa.launchpadcontent.net/longsleep/golang-backports/ubuntu jammy/main amd64 Packages [7188 B]
Get:9 http://security.ubuntu.com/ubuntu jammy-security/main Translation-en [430 kB]
Get:10 http://security.ubuntu.com/ubuntu jammy-security/main amd64 c-n-f Metadata [14.1 kB]
Get:11 http://security.ubuntu.com/ubuntu jammy-security/restricted amd64 Packages [5231 kB]
Get:12 https://ppa.launchpadcontent.net/longsleep/golang-backports/ubuntu jammy/main Translation-en [2320 B]
Get:13 http://archive.ubuntu.com/ubuntu jammy-updates/main Translation-en [498 kB]
Get:14 http://archive.ubuntu.com/ubuntu jammy-updates/main amd64 c-n-f Metadata [19.2 kB]
Get:15 http://archive.ubuntu.com/ubuntu jammy-updates/restricted amd64 Packages [5406 kB]
Get:16 http://security.ubuntu.com/ubuntu jammy-security/restricted Translation-en [996 kB]
Get:17 http://security.ubuntu.com/ubuntu jammy-security/restricted amd64 c-n-f Metadata [680 B]
Get:18 http://security.ubuntu.com/ubuntu jammy-security/universe amd64 Packages [1018 kB]
Get:19 http://archive.ubuntu.com/ubuntu jammy-updates/restricted Translation-en [1028 kB]
Get:20 http://security.ubuntu.com/ubuntu jammy-security/universe Translation-en [225 kB]
Get:21 http://security.ubuntu.com/ubuntu jammy-security/universe amd64 c-n-f Metadata [22.7 kB]
Get:22 http://security.ubuntu.com/ubuntu jammy-security/multiverse amd64 Packages [51.9 kB]
Get:23 http://security.ubuntu.com/ubuntu jammy-security/multiverse Translation-en [10.6 kB]
Get:24 http://security.ubuntu.com/ubuntu jammy-security/multiverse amd64 c-n-f Metadata [388 B]
Get:25 http://archive.ubuntu.com/ubuntu jammy-updates/restricted amd64 c-n-f Metadata [676 B]
Get:26 http://archive.ubuntu.com/ubuntu jammy-updates/universe amd64 Packages [1256 kB]
Get:27 http://archive.ubuntu.com/ubuntu jammy-updates/universe Translation-en [314 kB]
Get:28 http://archive.ubuntu.com/ubuntu jammy-updates/universe amd64 c-n-f Metadata [30.3 kB]
Get:29 http://archive.ubuntu.com/ubuntu jammy-updates/multiverse amd64 Packages [59.0 kB]
Get:30 http://archive.ubuntu.com/ubuntu jammy-updates/multiverse Translation-en [13.5 kB]
Get:31 http://archive.ubuntu.com/ubuntu jammy-updates/multiverse amd64 c-n-f Metadata [612 B]
Fetched 23.3 MB in 7s (3374 kB/s)
Reading package lists...
